<?xml version="1.0" encoding="UTF-8"?>
<testng-results skipped="0" failed="1" ignored="0" total="1" passed="0">
  <reporter-output>
  </reporter-output>
  <suite name="Default suite" duration-ms="185" started-at="2018-10-14T12:52:56Z" finished-at="2018-10-14T12:52:56Z">
    <groups>
    </groups>
    <test name="Default test" duration-ms="185" started-at="2018-10-14T12:52:56Z" finished-at="2018-10-14T12:52:56Z">
      <class name="com.technocredits.orangHRM.testScript.LoginTest">
        <test-method status="FAIL" signature="loginCheck()[pri:0, instance:com.technocredits.orangHRM.testScript.LoginTest@8bd1b6a]" name="loginCheck" duration-ms="132" started-at="2018-10-14T12:52:56Z" finished-at="2018-10-14T12:52:56Z">
          <exception class="java.lang.NoClassDefFoundError">
            <message>
              <![CDATA[org/apache/http/auth/Credentials]]>
            </message>
            <full-stacktrace>
              <![CDATA[java.lang.NoClassDefFoundError: org/apache/http/auth/Credentials
at org.openqa.selenium.remote.HttpCommandExecutor.getDefaultClientFactory(HttpCommandExecutor.java:93)
at org.openqa.selenium.remote.HttpCommandExecutor.<init>(HttpCommandExecutor.java:72)
at org.openqa.selenium.remote.service.DriverCommandExecutor.<init>(DriverCommandExecutor.java:63)
at org.openqa.selenium.chrome.ChromeDriverCommandExecutor.<init>(ChromeDriverCommandExecutor.java:36)
at org.openqa.selenium.chrome.ChromeDriver.<init>(ChromeDriver.java:181)
at org.openqa.selenium.chrome.ChromeDriver.<init>(ChromeDriver.java:168)
at org.openqa.selenium.chrome.ChromeDriver.<init>(ChromeDriver.java:123)
at com.technocredits.orangeHRM.base.predefinedMethods.initialization(predefinedMethods.java:15)
at com.technocredits.orangHRM.pages.LoginPage.<init>(LoginPage.java:15)
at com.technocredits.orangHRM.pages.LoginPage.getInstance(LoginPage.java:22)
at com.technocredits.orangHRM.testScript.CommanTest.login(CommanTest.java:8)
at com.technocredits.orangHRM.testScript.LoginTest.loginCheck(LoginTest.java:10)
at sun.reflect.NativeMethodAccessorImpl.invoke0(Native Method)
at sun.reflect.NativeMethodAccessorImpl.invoke(NativeMethodAccessorImpl.java:62)
at sun.reflect.DelegatingMethodAccessorImpl.invoke(DelegatingMethodAccessorImpl.java:43)
at java.lang.reflect.Method.invoke(Method.java:498)
at org.testng.internal.MethodInvocationHelper.invokeMethod(MethodInvocationHelper.java:124)
at org.testng.internal.Invoker.invokeMethod(Invoker.java:580)
at org.testng.internal.Invoker.invokeTestMethod(Invoker.java:716)
at org.testng.internal.Invoker.invokeTestMethods(Invoker.java:988)
at org.testng.internal.TestMethodWorker.invokeTestMethods(TestMethodWorker.java:125)
at org.testng.internal.TestMethodWorker.run(TestMethodWorker.java:109)
at org.testng.TestRunner.privateRun(TestRunner.java:648)
at org.testng.TestRunner.run(TestRunner.java:505)
at org.testng.SuiteRunner.runTest(SuiteRunner.java:455)
at org.testng.SuiteRunner.runSequentially(SuiteRunner.java:450)
at org.testng.SuiteRunner.privateRun(SuiteRunner.java:415)
at org.testng.SuiteRunner.run(SuiteRunner.java:364)
at org.testng.SuiteRunnerWorker.runSuite(SuiteRunnerWorker.java:52)
at org.testng.SuiteRunnerWorker.run(SuiteRunnerWorker.java:84)
at org.testng.TestNG.runSuitesSequentially(TestNG.java:1208)
at org.testng.TestNG.runSuitesLocally(TestNG.java:1137)
at org.testng.TestNG.runSuites(TestNG.java:1049)
at org.testng.TestNG.run(TestNG.java:1017)
at org.testng.remote.AbstractRemoteTestNG.run(AbstractRemoteTestNG.java:114)
at org.testng.remote.RemoteTestNG.initAndRun(RemoteTestNG.java:251)
at org.testng.remote.RemoteTestNG.main(RemoteTestNG.java:77)
Caused by: java.lang.ClassNotFoundException: org.apache.http.auth.Credentials
at java.net.URLClassLoader.findClass(URLClassLoader.java:381)
at java.lang.ClassLoader.loadClass(ClassLoader.java:424)
at sun.misc.Launcher$AppClassLoader.loadClass(Launcher.java:349)
at java.lang.ClassLoader.loadClass(ClassLoader.java:357)
... 37 more
]]>
            </full-stacktrace>
          </exception> <!-- java.lang.NoClassDefFoundError -->
          <reporter-output>
          </reporter-output>
        </test-method> <!-- loginCheck -->
      </class> <!-- com.technocredits.orangHRM.testScript.LoginTest -->
    </test> <!-- Default test -->
  </suite> <!-- Default suite -->
</testng-results>
